2024-02-19T09:38:53.524+05:30  INFO 20004 --- [restartedMain] com.mannit.chatbot.ChatbotApplication    : Starting ChatbotApplication using Java 17.0.4 with PID 20004 (C:\Users\biswa\OneDrive\Desktop\New folder\New folder (2)\chatbot\target\classes started by biswa in C:\Users\biswa\OneDrive\Desktop\New folder\New folder (2)\chatbot)
2024-02-19T09:38:53.530+05:30  INFO 20004 --- [restartedMain] com.mannit.chatbot.ChatbotApplication    : No active profile set, falling back to 1 default profile: "default"
2024-02-19T09:38:53.690+05:30  INFO 20004 --- [restartedMain] .e.DevToolsPropertyDefaultsPostProcessor : Devtools property defaults active! Set 'spring.devtools.add-properties' to 'false' to disable
2024-02-19T09:38:53.690+05:30  INFO 20004 --- [restartedMain] .e.DevToolsPropertyDefaultsPostProcessor : For additional web related logging consider setting the 'logging.level.web' property to 'DEBUG'
2024-02-19T09:38:54.588+05:30  INFO 20004 --- [restartedMain] .s.d.r.c.RepositoryConfigurationDelegate : Bootstrapping Spring Data MongoDB repositories in DEFAULT mode.
2024-02-19T09:38:54.738+05:30  INFO 20004 --- [restartedMain] .s.d.r.c.RepositoryConfigurationDelegate : Finished Spring Data repository scanning in 133 ms. Found 7 MongoDB repository interfaces.
2024-02-19T09:38:55.885+05:30  INFO 20004 --- [restartedMain] o.s.b.w.embedded.tomcat.TomcatWebServer  : Tomcat initialized with port(s): 8080 (http)
2024-02-19T09:38:55.903+05:30  INFO 20004 --- [restartedMain] o.apache.catalina.core.StandardService   : Starting service [Tomcat]
2024-02-19T09:38:55.906+05:30  INFO 20004 --- [restartedMain] o.apache.catalina.core.StandardEngine    : Starting Servlet engine: [Apache Tomcat/10.1.17]
2024-02-19T09:38:56.035+05:30  INFO 20004 --- [restartedMain] o.a.c.c.C.[Tomcat].[localhost].[/]       : Initializing Spring embedded WebApplicationContext
2024-02-19T09:38:56.039+05:30  INFO 20004 --- [restartedMain] w.s.c.ServletWebServerApplicationContext : Root WebApplicationContext: initialization completed in 2328 ms
2024-02-19T09:38:56.410+05:30  INFO 20004 --- [restartedMain] org.mongodb.driver.client                : MongoClient with metadata {"driver": {"name": "mongo-java-driver|sync|spring-boot", "version": "4.9.1"}, "os": {"type": "Windows", "name": "Windows 11", "architecture": "amd64", "version": "10.0"}, "platform": "Java/Eclipse Adoptium/17.0.4+8"} created with settings MongoClientSettings{readPreference=primary, writeConcern=WriteConcern{w=null, wTimeout=null ms, journal=null}, retryWrites=true, retryReads=true, readConcern=ReadConcern{level=null}, credential=null, streamFactoryFactory=null, commandListeners=[], codecRegistry=ProvidersCodecRegistry{codecProviders=[ValueCodecProvider{}, BsonValueCodecProvider{}, DBRefCodecProvider{}, DBObjectCodecProvider{}, DocumentCodecProvider{}, CollectionCodecProvider{}, IterableCodecProvider{}, MapCodecProvider{}, GeoJsonCodecProvider{}, GridFSFileCodecProvider{}, Jsr310CodecProvider{}, JsonObjectCodecProvider{}, BsonCodecProvider{}, EnumCodecProvider{}, com.mongodb.client.model.mql.ExpressionCodecProvider@11900317, com.mongodb.Jep395RecordCodecProvider@14876dba]}, loggerSettings=LoggerSettings{maxDocumentLength=1000}, clusterSettings={hosts=[localhost:27017], srvServiceName=mongodb, mode=SINGLE, requiredClusterType=UNKNOWN, requiredReplicaSetName='null', serverSelector='null', clusterListeners='[]', serverSelectionTimeout='30000 ms', localThreshold='30000 ms'}, socketSettings=SocketSettings{connectTimeoutMS=10000, readTimeoutMS=0, receiveBufferSize=0, sendBufferSize=0}, heartbeatSocketSettings=SocketSettings{connectTimeoutMS=10000, readTimeoutMS=10000, receiveBufferSize=0, sendBufferSize=0}, connectionPoolSettings=ConnectionPoolSettings{maxSize=100, minSize=0, maxWaitTimeMS=120000, maxConnectionLifeTimeMS=0, maxConnectionIdleTimeMS=0, maintenanceInitialDelayMS=0, maintenanceFrequencyMS=60000, connectionPoolListeners=[], maxConnecting=2}, serverSettings=ServerSettings{heartbeatFrequencyMS=10000, minHeartbeatFrequencyMS=500, serverListeners='[]', serverMonitorListeners='[]'}, sslSettings=SslSettings{enabled=false, invalidHostNameAllowed=false, context=null}, applicationName='null', compressorList=[], uuidRepresentation=JAVA_LEGACY, serverApi=null, autoEncryptionSettings=null, contextProvider=null}
2024-02-19T09:38:56.443+05:30  INFO 20004 --- [cluster-ClusterId{value='65d2d458617d565f5267e153', description='null'}-localhost:27017] org.mongodb.driver.cluster               : Monitor thread successfully connected to server with description ServerDescription{address=localhost:27017, type=STANDALONE, state=CONNECTED, ok=true, minWireVersion=0, maxWireVersion=17, maxDocumentSize=16777216, logicalSessionTimeoutMinutes=30, roundTripTimeNanos=27754600}
2024-02-19T09:38:56.592+05:30  INFO 20004 --- [restartedMain] o.s.b.d.a.OptionalLiveReloadServer       : LiveReload server is running on port 35729
2024-02-19T09:38:57.028+05:30  INFO 20004 --- [restartedMain] o.s.b.a.w.s.WelcomePageHandlerMapping    : Adding welcome page template: index
2024-02-19T09:38:57.283+05:30  INFO 20004 --- [restartedMain] o.s.b.w.embedded.tomcat.TomcatWebServer  : Tomcat started on port(s): 8080 (http) with context path ''
2024-02-19T09:38:57.299+05:30  INFO 20004 --- [restartedMain] com.mannit.chatbot.ChatbotApplication    : Started ChatbotApplication in 4.216 seconds (process running for 4.755)
2024-02-19T09:39:16.559+05:30  INFO 20004 --- [http-nio-8080-exec-1] o.a.c.c.C.[Tomcat].[localhost].[/]       : Initializing Spring DispatcherServlet 'dispatcherServlet'
2024-02-19T09:39:16.560+05:30  INFO 20004 --- [http-nio-8080-exec-1] o.s.web.servlet.DispatcherServlet        : Initializing Servlet 'dispatcherServlet'
2024-02-19T09:39:16.562+05:30  INFO 20004 --- [http-nio-8080-exec-1] o.s.web.servlet.DispatcherServlet        : Completed initialization in 2 ms
2024-02-19T10:15:42.020+05:30  INFO 20004 --- [http-nio-8080-exec-8] c.m.chatbot.controller.SheetsQuickstart  : {saving details}Smartycount(id=65d2dcf6617d565f5267e155, phone_no_id=248007045054578, phone_number=919786803746, status=sent, wamid=wamid.HBgMOTE5Nzg2ODAzNzQ2FQIAERgSOUNDMjY3RUFENDBCQUY0MDM4AA==, bool_status=false, timestamp=02/19/2024 10:15:42)
2024-02-19T10:15:42.021+05:30  INFO 20004 --- [http-nio-8080-exec-8] c.m.chatbot.controller.SheetsQuickstart  : {received details}{"phone_number_id":"248007045054578","customer_phone_number":"919786803746","status":"sent","is_message_delivered":true,"wamid":"wamid.HBgMOTE5Nzg2ODAzNzQ2FQIAERgSOUNDMjY3RUFENDBCQUY0MDM4AA=="}

